2015/01/23 12:41:23 [error] [exception.CException] exception 'CException' with message 'CAssetManager.basePath "/usr/local/www/data-dist/projetos/programacao/testandoYii/demo/assets" is invalid. Please make sure the directory exists and is writable by the Web server process.' in /usr/local/www/data-dist/projetos/programacao/testandoYii/yii/framework/web/CAssetManager.php:138
Stack trace:
#0 /usr/local/www/data-dist/projetos/programacao/testandoYii/yii/framework/web/CAssetManager.php(123): CAssetManager->setBasePath('/usr/local/www/...')
#1 /usr/local/www/data-dist/projetos/programacao/testandoYii/yii/framework/web/CAssetManager.php(217): CAssetManager->getBasePath()
#2 /usr/local/www/data-dist/projetos/programacao/testandoYii/yii/framework/web/CClientScript.php(511): CAssetManager->publish('/usr/local/www/...')
#3 /usr/local/www/data-dist/projetos/programacao/testandoYii/yii/framework/web/CClientScript.php(548): CClientScript->getCoreScriptUrl()
#4 /usr/local/www/data-dist/projetos/programacao/testandoYii/yii/framework/web/CClientScript.php(349): CClientScript->getPackageBaseUrl('jquery')
#5 /usr/local/www/data-dist/projetos/programacao/testandoYii/yii/framework/web/CClientScript.php(208): CClientScript->renderCoreScripts()
#6 /usr/local/www/data-dist/projetos/programacao/testandoYii/yii/framework/web/CController.php(351): CClientScript->render('<!DOCTYPE html>...')
#7 /usr/local/www/data-dist/projetos/programacao/testandoYii/yii/framework/web/CController.php(788): CController->processOutput('<!DOCTYPE html>...')
#8 /usr/local/www/data-dist/projetos/programacao/testandoYii/demo/protected/controllers/SiteController.php(72): CController->render('contact', Array)
#9 /usr/local/www/data-dist/projetos/programacao/testandoYii/yii/framework/web/actions/CInlineAction.php(49): SiteController->actionContact()
#10 /usr/local/www/data-dist/projetos/programacao/testandoYii/yii/framework/web/CController.php(308): CInlineAction->runWithParams(Array)
#11 /usr/local/www/data-dist/projetos/programacao/testandoYii/yii/framework/web/CController.php(286): CController->runAction(Object(CInlineAction))
#12 /usr/local/www/data-dist/projetos/programacao/testandoYii/yii/framework/web/CController.php(265): CController->runActionWithFilters(Object(CInlineAction), Array)
#13 /usr/local/www/data-dist/projetos/programacao/testandoYii/yii/framework/web/CWebApplication.php(282): CController->run('contact')
#14 /usr/local/www/data-dist/projetos/programacao/testandoYii/yii/framework/web/CWebApplication.php(141): CWebApplication->runController('site/contact')
#15 /usr/local/www/data-dist/projetos/programacao/testandoYii/yii/framework/base/CApplication.php(184): CWebApplication->processRequest()
#16 /usr/local/www/data-dist/projetos/programacao/testandoYii/demo/index-test.php(15): CApplication->run()
#17 {main}
REQUEST_URI=/index-test.php?r=site/contact
HTTP_REFERER=http://local.testandoyii.com/index-test.php
---
2015/01/23 13:21:05 [error] [system.db.CDbCommand] CDbCommand::fetchAll() failed: SQLSTATE[42S02]: Base table or view not found: 1146 Table 'yii.tbl_user' doesn't exist. The SQL statement executed was: SHOW FULL COLUMNS FROM `tbl_user`.
2015/01/23 13:21:05 [error] [system.db.CDbCommand] CDbCommand::fetchAll() failed: SQLSTATE[42S02]: Base table or view not found: 1146 Table 'yii.tbl_user' doesn't exist. The SQL statement executed was: SHOW FULL COLUMNS FROM `tbl_user`.
2015/01/23 13:22:58 [error] [system.db.CDbCommand] CDbCommand::fetchAll() failed: SQLSTATE[42S02]: Base table or view not found: 1146 Table 'yii.User' doesn't exist. The SQL statement executed was: SHOW FULL COLUMNS FROM `User`.
2015/01/23 13:22:58 [error] [system.db.CDbCommand] CDbCommand::fetchAll() failed: SQLSTATE[42S02]: Base table or view not found: 1146 Table 'yii.User' doesn't exist. The SQL statement executed was: SHOW FULL COLUMNS FROM `User`.
2015/01/23 13:23:14 [error] [system.db.CDbCommand] CDbCommand::fetchAll() failed: SQLSTATE[42S02]: Base table or view not found: 1146 Table 'yii.tbl_user' doesn't exist. The SQL statement executed was: SHOW FULL COLUMNS FROM `tbl_user`.
2015/01/23 13:23:36 [error] [system.db.CDbCommand] CDbCommand::fetchAll() failed: SQLSTATE[42S02]: Base table or view not found: 1146 Table 'yii.User' doesn't exist. The SQL statement executed was: SHOW FULL COLUMNS FROM `User`.
2015/01/23 13:23:36 [error] [system.db.CDbCommand] CDbCommand::fetchAll() failed: SQLSTATE[42S02]: Base table or view not found: 1146 Table 'yii.User' doesn't exist. The SQL statement executed was: SHOW FULL COLUMNS FROM `User`.
